# JRE version: OpenJDK Runtime Environment Microsoft-8035246 (17.0.8+7) (build 17.0.8+7-LTS)
# Java VM: OpenJDK 64-Bit Server VM Microsoft-8035246 (17.0.8+7-LTS, mixed mode, sharing, tiered, compressed oops, compressed class ptrs, g1 gc, windows-amd64)
GC Precious Log:
 CPUs: 4 total, 4 available
 Memory: 8106M
 Large Page Support: Disabled
 NUMA Support: Disabled
 Compressed Oops: Enabled (32-bit)
 Heap Region Size: 1M
 Heap Min Capacity: 8M
 Heap Initial Capacity: 128M
 Heap Max Capacity: 2028M
 Pre-touch: Disabled
 Parallel Workers: 4
 Concurrent Workers: 1
 Concurrent Refinement Workers: 4
 Periodic GC: Disabled
Heap:
 garbage-first heap   total 262144K, used 88064K [0x0000000081400000, 0x0000000100000000)
  region size 1024K, 15 young (15360K), 15 survivors (15360K)
 Metaspace       used 732K, committed 896K, reserved 1114112K
  class space    used 48K, committed 128K, reserved 1048576K
GC Heap History (17 events):
Event: 0.286 GC heap before
{Heap before GC invocations=0 (full 0):
 garbage-first heap   total 131072K, used 13312K [0x0000000081400000, 0x0000000100000000)
  region size 1024K, 13 young (13312K), 0 survivors (0K)
 Metaspace       used 644K, committed 768K, reserved 1114112K
  class space    used 48K, committed 128K, reserved 1048576K
}
Event: 0.292 GC heap after
{Heap after GC invocations=1 (full 0):
 garbage-first heap   total 131072K, used 2208K [0x0000000081400000, 0x0000000100000000)
  region size 1024K, 2 young (2048K), 2 survivors (2048K)
 Metaspace       used 644K, committed 768K, reserved 1114112K
  class space    used 48K, committed 128K, reserved 1048576K
}
Event: 0.364 GC heap before
{Heap before GC invocations=1 (full 0):
 garbage-first heap   total 131072K, used 18592K [0x0000000081400000, 0x0000000100000000)
  region size 1024K, 18 young (18432K), 2 survivors (2048K)
 Metaspace       used 676K, committed 832K, reserved 1114112K
  class space    used 48K, committed 128K, reserved 1048576K
}
Event: 0.370 GC heap after
{Heap after GC invocations=2 (full 0):
 garbage-first heap   total 131072K, used 4174K [0x0000000081400000, 0x0000000100000000)
  region size 1024K, 2 young (2048K), 2 survivors (2048K)
 Metaspace       used 676K, committed 832K, reserved 1114112K
  class space    used 48K, committed 128K, reserved 1048576K
}
Event: 0.497 GC heap before
{Heap before GC invocations=2 (full 0):
 garbage-first heap   total 131072K, used 61518K [0x0000000081400000, 0x0000000100000000)
  region size 1024K, 58 young (59392K), 2 survivors (2048K)
 Metaspace       used 679K, committed 832K, reserved 1114112K
  class space    used 48K, committed 128K, reserved 1048576K
}
Event: 0.515 GC heap after
{Heap after GC invocations=3 (full 0):
 garbage-first heap   total 131072K, used 10355K [0x0000000081400000, 0x0000000100000000)
  region size 1024K, 8 young (8192K), 8 survivors (8192K)
 Metaspace       used 679K, committed 832K, reserved 1114112K
  class space    used 48K, committed 128K, reserved 1048576K
}
Event: 0.621 GC heap before
{Heap before GC invocations=3 (full 0):
 garbage-first heap   total 131072K, used 79987K [0x0000000081400000, 0x0000000100000000)
  region size 1024K, 76 young (77824K), 8 survivors (8192K)
 Metaspace       used 711K, committed 832K, reserved 1114112K
  class space    used 48K, committed 128K, reserved 1048576K
}
Event: 0.642 GC heap after
{Heap after GC invocations=4 (full 0):
 garbage-first heap   total 131072K, used 18391K [0x0000000081400000, 0x0000000100000000)
  region size 1024K, 8 young (8192K), 8 survivors (8192K)
 Metaspace       used 711K, committed 832K, reserved 1114112K
  class space    used 48K, committed 128K, reserved 1048576K
}
Event: 0.713 GC heap before
{Heap before GC invocations=4 (full 0):
 garbage-first heap   total 131072K, used 88023K [0x0000000081400000, 0x0000000100000000)
  region size 1024K, 76 young (77824K), 8 survivors (8192K)
 Metaspace       used 725K, committed 832K, reserved 1114112K
  class space    used 48K, committed 128K, reserved 1048576K
}
Event: 0.737 GC heap after
{Heap after GC invocations=5 (full 0):
 garbage-first heap   total 262144K, used 26566K [0x0000000081400000, 0x0000000100000000)
  region size 1024K, 8 young (8192K), 8 survivors (8192K)
 Metaspace       used 725K, committed 832K, reserved 1114112K
  class space    used 48K, committed 128K, reserved 1048576K
}
Event: 0.962 GC heap before
{Heap before GC invocations=5 (full 0):
 garbage-first heap   total 262144K, used 150470K [0x0000000081400000, 0x0000000100000000)
  region size 1024K, 129 young (132096K), 8 survivors (8192K)
 Metaspace       used 732K, committed 896K, reserved 1114112K
  class space    used 48K, committed 128K, reserved 1048576K
}
Event: 1.003 GC heap after
{Heap after GC invocations=6 (full 0):
 garbage-first heap   total 262144K, used 40294K [0x0000000081400000, 0x0000000100000000)
  region size 1024K, 17 young (17408K), 17 survivors (17408K)
 Metaspace       used 732K, committed 896K, reserved 1114112K
  class space    used 48K, committed 128K, reserved 1048576K
}
Event: 1.101 GC heap before
{Heap before GC invocations=6 (full 0):
 garbage-first heap   total 262144K, used 178534K [0x0000000081400000, 0x0000000100000000)
  region size 1024K, 152 young (155648K), 17 survivors (17408K)
 Metaspace       used 732K, committed 896K, reserved 1114112K
  class space    used 48K, committed 128K, reserved 1048576K
}
Event: 1.146 GC heap after
{Heap after GC invocations=7 (full 0):
 garbage-first heap   total 262144K, used 57295K [0x0000000081400000, 0x0000000100000000)
  region size 1024K, 16 young (16384K), 16 survivors (16384K)
 Metaspace       used 732K, committed 896K, reserved 1114112K
  class space    used 48K, committed 128K, reserved 1048576K
}
Event: 1.213 GC heap before
{Heap before GC invocations=7 (full 0):
 garbage-first heap   total 262144K, used 188367K [0x0000000081400000, 0x0000000100000000)
  region size 1024K, 144 young (147456K), 16 survivors (16384K)
 Metaspace       used 732K, committed 896K, reserved 1114112K
  class space    used 48K, committed 128K, reserved 1048576K
}
Event: 1.250 GC heap after
{Heap after GC invocations=8 (full 0):
 garbage-first heap   total 262144K, used 73216K [0x0000000081400000, 0x0000000100000000)
  region size 1024K, 16 young (16384K), 16 survivors (16384K)
 Metaspace       used 732K, committed 896K, reserved 1114112K
  class space    used 48K, committed 128K, reserved 1048576K
}
Event: 1.312 GC heap before
{Heap before GC invocations=8 (full 0):
 garbage-first heap   total 262144K, used 196096K [0x0000000081400000, 0x0000000100000000)
  region size 1024K, 136 young (139264K), 16 survivors (16384K)
 Metaspace       used 732K, committed 896K, reserved 1114112K
  class space    used 48K, committed 128K, reserved 1048576K
}

