# JRE version: OpenJDK Runtime Environment Microsoft-8035246 (17.0.8+7) (build 17.0.8+7-LTS)
# Java VM: OpenJDK 64-Bit Server VM Microsoft-8035246 (17.0.8+7-LTS, mixed mode, sharing, tiered, compressed oops, compressed class ptrs, g1 gc, windows-amd64)
GC Precious Log:
 CPUs: 4 total, 4 available
 Memory: 8106M
 Large Page Support: Disabled
 NUMA Support: Disabled
 Compressed Oops: Enabled (32-bit)
 Heap Region Size: 1M
 Heap Min Capacity: 8M
 Heap Initial Capacity: 128M
 Heap Max Capacity: 2028M
 Pre-touch: Disabled
 Parallel Workers: 4
 Concurrent Workers: 1
 Concurrent Refinement Workers: 4
 Periodic GC: Disabled
Heap:
 garbage-first heap   total 604160K, used 217600K [0x0000000081400000, 0x0000000100000000)
  region size 1024K, 31 young (31744K), 31 survivors (31744K)
 Metaspace       used 734K, committed 896K, reserved 1114112K
  class space    used 48K, committed 128K, reserved 1048576K
GC Heap History (20 events):
Event: 0.717 GC heap after
{Heap after GC invocations=3 (full 0):
 garbage-first heap   total 131072K, used 10419K [0x0000000081400000, 0x0000000100000000)
  region size 1024K, 8 young (8192K), 8 survivors (8192K)
 Metaspace       used 687K, committed 832K, reserved 1114112K
  class space    used 48K, committed 128K, reserved 1048576K
}
Event: 0.938 GC heap before
{Heap before GC invocations=3 (full 0):
 garbage-first heap   total 131072K, used 80051K [0x0000000081400000, 0x0000000100000000)
  region size 1024K, 76 young (77824K), 8 survivors (8192K)
 Metaspace       used 713K, committed 832K, reserved 1114112K
  class space    used 48K, committed 128K, reserved 1048576K
}
Event: 0.961 GC heap after
{Heap after GC invocations=4 (full 0):
 garbage-first heap   total 131072K, used 18453K [0x0000000081400000, 0x0000000100000000)
  region size 1024K, 8 young (8192K), 8 survivors (8192K)
 Metaspace       used 713K, committed 832K, reserved 1114112K
  class space    used 48K, committed 128K, reserved 1048576K
}
Event: 1.038 GC heap before
{Heap before GC invocations=4 (full 0):
 garbage-first heap   total 131072K, used 86037K [0x0000000081400000, 0x0000000100000000)
  region size 1024K, 74 young (75776K), 8 survivors (8192K)
 Metaspace       used 728K, committed 896K, reserved 1114112K
  class space    used 48K, committed 128K, reserved 1048576K
}
Event: 1.061 GC heap after
{Heap after GC invocations=5 (full 0):
 garbage-first heap   total 262144K, used 26595K [0x0000000081400000, 0x0000000100000000)
  region size 1024K, 8 young (8192K), 8 survivors (8192K)
 Metaspace       used 728K, committed 896K, reserved 1114112K
  class space    used 48K, committed 128K, reserved 1048576K
}
Event: 1.353 GC heap before
{Heap before GC invocations=5 (full 0):
 garbage-first heap   total 262144K, used 145379K [0x0000000081400000, 0x0000000100000000)
  region size 1024K, 124 young (126976K), 8 survivors (8192K)
 Metaspace       used 734K, committed 896K, reserved 1114112K
  class space    used 48K, committed 128K, reserved 1048576K
}
Event: 1.398 GC heap after
{Heap after GC invocations=6 (full 0):
 garbage-first heap   total 262144K, used 40304K [0x0000000081400000, 0x0000000100000000)
  region size 1024K, 16 young (16384K), 16 survivors (16384K)
 Metaspace       used 734K, committed 896K, reserved 1114112K
  class space    used 48K, committed 128K, reserved 1048576K
}
Event: 1.695 GC heap before
{Heap before GC invocations=6 (full 0):
 garbage-first heap   total 262144K, used 178544K [0x0000000081400000, 0x0000000100000000)
  region size 1024K, 151 young (154624K), 16 survivors (16384K)
 Metaspace       used 734K, committed 896K, reserved 1114112K
  class space    used 48K, committed 128K, reserved 1048576K
}
Event: 1.739 GC heap after
{Heap after GC invocations=7 (full 0):
 garbage-first heap   total 262144K, used 56320K [0x0000000081400000, 0x0000000100000000)
  region size 1024K, 19 young (19456K), 19 survivors (19456K)
 Metaspace       used 734K, committed 896K, reserved 1114112K
  class space    used 48K, committed 128K, reserved 1048576K
}
Event: 1.865 GC heap before
{Heap before GC invocations=7 (full 0):
 garbage-first heap   total 262144K, used 188416K [0x0000000081400000, 0x0000000100000000)
  region size 1024K, 148 young (151552K), 19 survivors (19456K)
 Metaspace       used 734K, committed 896K, reserved 1114112K
  class space    used 48K, committed 128K, reserved 1048576K
}
Event: 1.903 GC heap after
{Heap after GC invocations=8 (full 0):
 garbage-first heap   total 262144K, used 73728K [0x0000000081400000, 0x0000000100000000)
  region size 1024K, 16 young (16384K), 16 survivors (16384K)
 Metaspace       used 734K, committed 896K, reserved 1114112K
  class space    used 48K, committed 128K, reserved 1048576K
}
Event: 1.990 GC heap before
{Heap before GC invocations=8 (full 0):
 garbage-first heap   total 262144K, used 196608K [0x0000000081400000, 0x0000000100000000)
  region size 1024K, 136 young (139264K), 16 survivors (16384K)
 Metaspace       used 734K, committed 896K, reserved 1114112K
  class space    used 48K, committed 128K, reserved 1048576K
}
Event: 2.036 GC heap after
{Heap after GC invocations=9 (full 0):
 garbage-first heap   total 604160K, used 88576K [0x0000000081400000, 0x0000000100000000)
  region size 1024K, 15 young (15360K), 15 survivors (15360K)
 Metaspace       used 734K, committed 896K, reserved 1114112K
  class space    used 48K, committed 128K, reserved 1048576K
}
Event: 2.468 GC heap before
{Heap before GC invocations=9 (full 0):
 garbage-first heap   total 604160K, used 370176K [0x0000000081400000, 0x0000000100000000)
  region size 1024K, 290 young (296960K), 15 survivors (15360K)
 Metaspace       used 734K, committed 896K, reserved 1114112K
  class space    used 48K, committed 128K, reserved 1048576K
}
Event: 2.539 GC heap after
{Heap after GC invocations=10 (full 0):
 garbage-first heap   total 604160K, used 120320K [0x0000000081400000, 0x0000000100000000)
  region size 1024K, 37 young (37888K), 37 survivors (37888K)
 Metaspace       used 734K, committed 896K, reserved 1114112K
  class space    used 48K, committed 128K, reserved 1048576K
}
Event: 2.753 GC heap before
{Heap before GC invocations=10 (full 0):
 garbage-first heap   total 604160K, used 390656K [0x0000000081400000, 0x0000000100000000)
  region size 1024K, 301 young (308224K), 37 survivors (37888K)
 Metaspace       used 734K, committed 896K, reserved 1114112K
  class space    used 48K, committed 128K, reserved 1048576K
}
Event: 2.816 GC heap after
{Heap after GC invocations=11 (full 0):
 garbage-first heap   total 604160K, used 153072K [0x0000000081400000, 0x0000000100000000)
  region size 1024K, 31 young (31744K), 31 survivors (31744K)
 Metaspace       used 734K, committed 896K, reserved 1114112K
  class space    used 48K, committed 128K, reserved 1048576K
}
Event: 3.002 GC heap before
{Heap before GC invocations=11 (full 0):
 garbage-first heap   total 604160K, used 433648K [0x0000000081400000, 0x0000000100000000)
  region size 1024K, 305 young (312320K), 31 survivors (31744K)
 Metaspace       used 734K, committed 896K, reserved 1114112K
  class space    used 48K, committed 128K, reserved 1048576K
}
Event: 3.070 GC heap after
{Heap after GC invocations=12 (full 0):
 garbage-first heap   total 604160K, used 185344K [0x0000000081400000, 0x0000000100000000)
  region size 1024K, 32 young (32768K), 32 survivors (32768K)
 Metaspace       used 734K, committed 896K, reserved 1114112K
  class space    used 48K, committed 128K, reserved 1048576K
}
Event: 3.511 GC heap before
{Heap before GC invocations=12 (full 0):
 garbage-first heap   total 604160K, used 457728K [0x0000000081400000, 0x0000000100000000)
  region size 1024K, 298 young (305152K), 32 survivors (32768K)
 Metaspace       used 734K, committed 896K, reserved 1114112K
  class space    used 48K, committed 128K, reserved 1048576K
}

